# JRE version: Java(TM) SE Runtime Environment (8.0_66-b17) (build 1.8.0_66-b17)
# Java VM: Java HotSpot(TM) Client VM (25.66-b17 mixed mode windows-x86 )
Heap:
 def new generation   total 39424K, used 25526K [0x04c00000, 0x076c0000, 0x0f6a0000)
  eden space 35072K,  70% used [0x04c00000, 0x0642c8c8, 0x06e40000)
  from space 4352K,  17% used [0x06e40000, 0x06f010d8, 0x07280000)
  to   space 4352K,   0% used [0x07280000, 0x07280000, 0x076c0000)
 tenured generation   total 87424K, used 52842K [0x0f6a0000, 0x14c00000, 0x24c00000)
   the space 87424K,  60% used [0x0f6a0000, 0x12a3a948, 0x12a3aa00, 0x14c00000)
 Metaspace       used 18498K, capacity 18941K, committed 18944K, reserved 19840K
GC Heap History (10 events):
Event: 452.158 GC heap before
{Heap before GC invocations=6 (full 1):
 def new generation   total 39424K, used 39184K [0x04c00000, 0x076c0000, 0x0f6a0000)
  eden space 35072K, 100% used [0x04c00000, 0x06e40000, 0x06e40000)
  from space 4352K,  94% used [0x07280000, 0x076843e0, 0x076c0000)
  to   space 4352K,   0% used [0x06e40000, 0x06e40000, 0x07280000)
 tenured generation   total 87424K, used 34637K [0x0f6a0000, 0x14c00000, 0x24c00000)
   the space 87424K,  39% used [0x0f6a0000, 0x11873470, 0x11873600, 0x14c00000)
 Metaspace       used 18481K, capacity 18907K, committed 18944K, reserved 19840K
Event: 452.167 GC heap after
Heap after GC invocations=7 (full 1):
 def new generation   total 39424K, used 943K [0x04c00000, 0x076c0000, 0x0f6a0000)
  eden space 35072K,   0% used [0x04c00000, 0x04c00000, 0x06e40000)
  from space 4352K,  21% used [0x06e40000, 0x06f2bd08, 0x07280000)
  to   space 4352K,   0% used [0x07280000, 0x07280000, 0x076c0000)
 tenured generation   total 87424K, used 37287K [0x0f6a0000, 0x14c00000, 0x24c00000)
   the space 87424K,  42% used [0x0f6a0000, 0x11b09d28, 0x11b09e00, 0x14c00000)
 Metaspace       used 18481K, capacity 18907K, committed 18944K, reserved 19840K
}
Event: 3249.922 GC heap before
{Heap before GC invocations=7 (full 1):
 def new generation   total 39424K, used 36015K [0x04c00000, 0x076c0000, 0x0f6a0000)
  eden space 35072K, 100% used [0x04c00000, 0x06e40000, 0x06e40000)
  from space 4352K,  21% used [0x06e40000, 0x06f2bd08, 0x07280000)
  to   space 4352K,   0% used [0x07280000, 0x07280000, 0x076c0000)
 tenured generation   total 87424K, used 37287K [0x0f6a0000, 0x14c00000, 0x24c00000)
   the space 87424K,  42% used [0x0f6a0000, 0x11b09d28, 0x11b09e00, 0x14c00000)
 Metaspace       used 18493K, capacity 18939K, committed 18944K, reserved 19840K
Event: 3249.965 GC heap after
Heap after GC invocations=8 (full 1):
 def new generation   total 39424K, used 863K [0x04c00000, 0x076c0000, 0x0f6a0000)
  eden space 35072K,   0% used [0x04c00000, 0x04c00000, 0x06e40000)
  from space 4352K,  19% used [0x07280000, 0x07357e88, 0x076c0000)
  to   space 4352K,   0% used [0x06e40000, 0x06e40000, 0x07280000)
 tenured generation   total 87424K, used 37287K [0x0f6a0000, 0x14c00000, 0x24c00000)
   the space 87424K,  42% used [0x0f6a0000, 0x11b09d28, 0x11b09e00, 0x14c00000)
 Metaspace       used 18493K, capacity 18939K, committed 18944K, reserved 19840K
}
Event: 6871.457 GC heap before
{Heap before GC invocations=8 (full 1):
 def new generation   total 39424K, used 35935K [0x04c00000, 0x076c0000, 0x0f6a0000)
  eden space 35072K, 100% used [0x04c00000, 0x06e40000, 0x06e40000)
  from space 4352K,  19% used [0x07280000, 0x07357e88, 0x076c0000)
  to   space 4352K,   0% used [0x06e40000, 0x06e40000, 0x07280000)
 tenured generation   total 87424K, used 37287K [0x0f6a0000, 0x14c00000, 0x24c00000)
   the space 87424K,  42% used [0x0f6a0000, 0x11b09d28, 0x11b09e00, 0x14c00000)
 Metaspace       used 18493K, capacity 18939K, committed 18944K, reserved 19840K
Event: 6871.474 GC heap after
Heap after GC invocations=9 (full 1):
 def new generation   total 39424K, used 430K [0x04c00000, 0x076c0000, 0x0f6a0000)
  eden space 35072K,   0% used [0x04c00000, 0x04c00000, 0x06e40000)
  from space 4352K,   9% used [0x06e40000, 0x06eab898, 0x07280000)
  to   space 4352K,   0% used [0x07280000, 0x07280000, 0x076c0000)
 tenured generation   total 87424K, used 37287K [0x0f6a0000, 0x14c00000, 0x24c00000)
   the space 87424K,  42% used [0x0f6a0000, 0x11b09d28, 0x11b09e00, 0x14c00000)
 Metaspace       used 18493K, capacity 18939K, committed 18944K, reserved 19840K
}
Event: 44391.544 GC heap before
{Heap before GC invocations=9 (full 1):
 def new generation   total 39424K, used 33876K [0x04c00000, 0x076c0000, 0x0f6a0000)
  eden space 35072K,  95% used [0x04c00000, 0x06ca9a48, 0x06e40000)
  from space 4352K,   9% used [0x06e40000, 0x06eab898, 0x07280000)
  to   space 4352K,   0% used [0x07280000, 0x07280000, 0x076c0000)
 tenured generation   total 87424K, used 37287K [0x0f6a0000, 0x14c00000, 0x24c00000)
   the space 87424K,  42% used [0x0f6a0000, 0x11b09d28, 0x11b09e00, 0x14c00000)
 Metaspace       used 18493K, capacity 18939K, committed 18944K, reserved 19840K
Event: 44391.594 GC heap after
Heap after GC invocations=10 (full 1):
 def new generation   total 39424K, used 419K [0x04c00000, 0x076c0000, 0x0f6a0000)
  eden space 35072K,   0% used [0x04c00000, 0x04c00000, 0x06e40000)
  from space 4352K,   9% used [0x07280000, 0x072e8ec0, 0x076c0000)
  to   space 4352K,   0% used [0x06e40000, 0x06e40000, 0x07280000)
 tenured generation   total 87424K, used 37287K [0x0f6a0000, 0x14c00000, 0x24c00000)
   the space 87424K,  42% used [0x0f6a0000, 0x11b09d28, 0x11b09e00, 0x14c00000)
 Metaspace       used 18493K, capacity 18939K, committed 18944K, reserved 19840K
}
Event: 45198.110 GC heap before
{Heap before GC invocations=10 (full 1):
 def new generation   total 39424K, used 35491K [0x04c00000, 0x076c0000, 0x0f6a0000)
  eden space 35072K, 100% used [0x04c00000, 0x06e40000, 0x06e40000)
  from space 4352K,   9% used [0x07280000, 0x072e8ec0, 0x076c0000)
  to   space 4352K,   0% used [0x06e40000, 0x06e40000, 0x07280000)
 tenured generation   total 87424K, used 37287K [0x0f6a0000, 0x14c00000, 0x24c00000)
   the space 87424K,  42% used [0x0f6a0000, 0x11b09d28, 0x11b09e00, 0x14c00000)
 Metaspace       used 18498K, capacity 18941K, committed 18944K, reserved 19840K
Event: 45198.122 GC heap after
Heap after GC invocations=11 (full 1):
 def new generation   total 39424K, used 772K [0x04c00000, 0x076c0000, 0x0f6a0000)
  eden space 35072K,   0% used [0x04c00000, 0x04c00000, 0x06e40000)
  from space 4352K,  17% used [0x06e40000, 0x06f010d8, 0x07280000)
  to   space 4352K,   0% used [0x07280000, 0x07280000, 0x076c0000)
 tenured generation   total 87424K, used 52842K [0x0f6a0000, 0x14c00000, 0x24c00000)
   the space 87424K,  60% used [0x0f6a0000, 0x12a3a948, 0x12a3aa00, 0x14c00000)
 Metaspace       used 18498K, capacity 18941K, committed 18944K, reserved 19840K
}

