# JRE version: Java(TM) SE Runtime Environment (8.0_66-b17) (build 1.8.0_66-b17)
# Java VM: Java HotSpot(TM) Client VM (25.66-b17 mixed mode windows-x86 )
Heap:
 def new generation   total 39424K, used 28263K [0x05000000, 0x07ac0000, 0x0faa0000)
  eden space 35072K,  79% used [0x05000000, 0x06b5c570, 0x07240000)
  from space 4352K,   5% used [0x07240000, 0x0727d818, 0x07680000)
  to   space 4352K,   0% used [0x07680000, 0x07680000, 0x07ac0000)
 tenured generation   total 87424K, used 85441K [0x0faa0000, 0x15000000, 0x25000000)
   the space 87424K,  97% used [0x0faa0000, 0x14e10728, 0x14e10800, 0x15000000)
 Metaspace       used 18406K, capacity 18818K, committed 18944K, reserved 19840K
GC Heap History (10 events):
Event: 14635.724 GC heap before
{Heap before GC invocations=14 (full 1):
 def new generation   total 39424K, used 35259K [0x05000000, 0x07ac0000, 0x0faa0000)
  eden space 35072K, 100% used [0x05000000, 0x07240000, 0x07240000)
  from space 4352K,   4% used [0x07680000, 0x076aecd8, 0x07ac0000)
  to   space 4352K,   0% used [0x07240000, 0x07240000, 0x07680000)
 tenured generation   total 87424K, used 61659K [0x0faa0000, 0x15000000, 0x25000000)
   the space 87424K,  70% used [0x0faa0000, 0x136d6cf8, 0x136d6e00, 0x15000000)
 Metaspace       used 18387K, capacity 18818K, committed 18944K, reserved 19840K
Event: 14635.731 GC heap after
Heap after GC invocations=15 (full 1):
 def new generation   total 39424K, used 242K [0x05000000, 0x07ac0000, 0x0faa0000)
  eden space 35072K,   0% used [0x05000000, 0x05000000, 0x07240000)
  from space 4352K,   5% used [0x07240000, 0x0727c878, 0x07680000)
  to   space 4352K,   0% used [0x07680000, 0x07680000, 0x07ac0000)
 tenured generation   total 87424K, used 69586K [0x0faa0000, 0x15000000, 0x25000000)
   the space 87424K,  79% used [0x0faa0000, 0x13e94b08, 0x13e94c00, 0x15000000)
 Metaspace       used 18387K, capacity 18818K, committed 18944K, reserved 19840K
}
Event: 15605.012 GC heap before
{Heap before GC invocations=15 (full 1):
 def new generation   total 39424K, used 33407K [0x05000000, 0x07ac0000, 0x0faa0000)
  eden space 35072K,  94% used [0x05000000, 0x070633a0, 0x07240000)
  from space 4352K,   5% used [0x07240000, 0x0727c878, 0x07680000)
  to   space 4352K,   0% used [0x07680000, 0x07680000, 0x07ac0000)
 tenured generation   total 87424K, used 69586K [0x0faa0000, 0x15000000, 0x25000000)
   the space 87424K,  79% used [0x0faa0000, 0x13e94b08, 0x13e94c00, 0x15000000)
 Metaspace       used 18387K, capacity 18818K, committed 18944K, reserved 19840K
Event: 15605.015 GC heap after
Heap after GC invocations=16 (full 1):
 def new generation   total 39424K, used 243K [0x05000000, 0x07ac0000, 0x0faa0000)
  eden space 35072K,   0% used [0x05000000, 0x05000000, 0x07240000)
  from space 4352K,   5% used [0x07680000, 0x076bcce8, 0x07ac0000)
  to   space 4352K,   0% used [0x07240000, 0x07240000, 0x07680000)
 tenured generation   total 87424K, used 69586K [0x0faa0000, 0x15000000, 0x25000000)
   the space 87424K,  79% used [0x0faa0000, 0x13e94b08, 0x13e94c00, 0x15000000)
 Metaspace       used 18387K, capacity 18818K, committed 18944K, reserved 19840K
}
Event: 17348.067 GC heap before
{Heap before GC invocations=16 (full 1):
 def new generation   total 39424K, used 32653K [0x05000000, 0x07ac0000, 0x0faa0000)
  eden space 35072K,  92% used [0x05000000, 0x06fa69c8, 0x07240000)
  from space 4352K,   5% used [0x07680000, 0x076bcce8, 0x07ac0000)
  to   space 4352K,   0% used [0x07240000, 0x07240000, 0x07680000)
 tenured generation   total 87424K, used 69586K [0x0faa0000, 0x15000000, 0x25000000)
   the space 87424K,  79% used [0x0faa0000, 0x13e94b08, 0x13e94c00, 0x15000000)
 Metaspace       used 18387K, capacity 18818K, committed 18944K, reserved 19840K
Event: 17348.071 GC heap after
Heap after GC invocations=17 (full 1):
 def new generation   total 39424K, used 243K [0x05000000, 0x07ac0000, 0x0faa0000)
  eden space 35072K,   0% used [0x05000000, 0x05000000, 0x07240000)
  from space 4352K,   5% used [0x07240000, 0x0727cc98, 0x07680000)
  to   space 4352K,   0% used [0x07680000, 0x07680000, 0x07ac0000)
 tenured generation   total 87424K, used 69586K [0x0faa0000, 0x15000000, 0x25000000)
   the space 87424K,  79% used [0x0faa0000, 0x13e94b08, 0x13e94c00, 0x15000000)
 Metaspace       used 18387K, capacity 18818K, committed 18944K, reserved 19840K
}
Event: 18693.563 GC heap before
{Heap before GC invocations=17 (full 1):
 def new generation   total 39424K, used 35315K [0x05000000, 0x07ac0000, 0x0faa0000)
  eden space 35072K, 100% used [0x05000000, 0x07240000, 0x07240000)
  from space 4352K,   5% used [0x07240000, 0x0727cc98, 0x07680000)
  to   space 4352K,   0% used [0x07680000, 0x07680000, 0x07ac0000)
 tenured generation   total 87424K, used 69586K [0x0faa0000, 0x15000000, 0x25000000)
   the space 87424K,  79% used [0x0faa0000, 0x13e94b08, 0x13e94c00, 0x15000000)
 Metaspace       used 18391K, capacity 18818K, committed 18944K, reserved 19840K
Event: 18693.569 GC heap after
Heap after GC invocations=18 (full 1):
 def new generation   total 39424K, used 253K [0x05000000, 0x07ac0000, 0x0faa0000)
  eden space 35072K,   0% used [0x05000000, 0x05000000, 0x07240000)
  from space 4352K,   5% used [0x07680000, 0x076bf760, 0x07ac0000)
  to   space 4352K,   0% used [0x07240000, 0x07240000, 0x07680000)
 tenured generation   total 87424K, used 77514K [0x0faa0000, 0x15000000, 0x25000000)
   the space 87424K,  88% used [0x0faa0000, 0x14652918, 0x14652a00, 0x15000000)
 Metaspace       used 18391K, capacity 18818K, committed 18944K, reserved 19840K
}
Event: 20620.120 GC heap before
{Heap before GC invocations=18 (full 1):
 def new generation   total 39424K, used 35325K [0x05000000, 0x07ac0000, 0x0faa0000)
  eden space 35072K, 100% used [0x05000000, 0x07240000, 0x07240000)
  from space 4352K,   5% used [0x07680000, 0x076bf760, 0x07ac0000)
  to   space 4352K,   0% used [0x07240000, 0x07240000, 0x07680000)
 tenured generation   total 87424K, used 77514K [0x0faa0000, 0x15000000, 0x25000000)
   the space 87424K,  88% used [0x0faa0000, 0x14652918, 0x14652a00, 0x15000000)
 Metaspace       used 18391K, capacity 18818K, committed 18944K, reserved 19840K
Event: 20620.126 GC heap after
Heap after GC invocations=19 (full 1):
 def new generation   total 39424K, used 246K [0x05000000, 0x07ac0000, 0x0faa0000)
  eden space 35072K,   0% used [0x05000000, 0x05000000, 0x07240000)
  from space 4352K,   5% used [0x07240000, 0x0727d818, 0x07680000)
  to   space 4352K,   0% used [0x07680000, 0x07680000, 0x07ac0000)
 tenured generation   total 87424K, used 85441K [0x0faa0000, 0x15000000, 0x25000000)
   the space 87424K,  97% used [0x0faa0000, 0x14e10728, 0x14e10800, 0x15000000)
 Metaspace       used 18391K, capacity 18818K, committed 18944K, reserved 19840K
}

